C:\USERS\EMMA\DOCUMENTS\GITHUB\GAMESPROGRAMMINGPROJECT\DEBUG\CBALLOON.OBJ
C:\USERS\EMMA\DOCUMENTS\GITHUB\GAMESPROGRAMMINGPROJECT\DEBUG\CD3DMANAGER.OBJ
C:\USERS\EMMA\DOCUMENTS\GITHUB\GAMESPROGRAMMINGPROJECT\DEBUG\CD3DXFONT.OBJ
C:\USERS\EMMA\DOCUMENTS\GITHUB\GAMESPROGRAMMINGPROJECT\DEBUG\CD3DXSPRITEMGR.OBJ
C:\USERS\EMMA\DOCUMENTS\GITHUB\GAMESPROGRAMMINGPROJECT\DEBUG\CD3DXTEXTURE.OBJ
C:\USERS\EMMA\DOCUMENTS\GITHUB\GAMESPROGRAMMINGPROJECT\DEBUG\CEXPLOSION.OBJ
C:\USERS\EMMA\DOCUMENTS\GITHUB\GAMESPROGRAMMINGPROJECT\DEBUG\CSPRITE.OBJ
C:\USERS\EMMA\DOCUMENTS\GITHUB\GAMESPROGRAMMINGPROJECT\DEBUG\CXAUDIO.OBJ
C:\USERS\EMMA\DOCUMENTS\GITHUB\GAMESPROGRAMMINGPROJECT\DEBUG\VC110.PDB
C:\USERS\EMMA\DOCUMENTS\GITHUB\GAMESPROGRAMMINGPROJECT\DEBUG\MAIN.OBJ
C:\USERS\EMMA\DOCUMENTS\GITHUB\GAMESPROGRAMMINGPROJECT\DEBUG\PROGRAMMINGCOURSEWORK.ILK
C:\USERS\EMMA\DOCUMENTS\GITHUB\GAMESPROGRAMMINGPROJECT\DEBUG\PROGRAMMINGCOURSEWORK.EXE
C:\USERS\EMMA\DOCUMENTS\GITHUB\GAMESPROGRAMMINGPROJECT\DEBUG\PROGRAMMINGCOURSEWORK.PDB
C:\USERS\EMMA\DOCUMENTS\GITHUB\GAMESPROGRAMMINGPROJECT\DEBUG\GAMERESOURCES.RES
C:\Users\Emma\Documents\GitHub\GamesProgrammingProject\Debug\cBalloon.obj
C:\Users\Emma\Documents\GitHub\GamesProgrammingProject\Debug\cD3DManager.obj
C:\Users\Emma\Documents\GitHub\GamesProgrammingProject\Debug\cD3DXFont.obj
C:\Users\Emma\Documents\GitHub\GamesProgrammingProject\Debug\cD3DXSpriteMgr.obj
C:\Users\Emma\Documents\GitHub\GamesProgrammingProject\Debug\cD3DXTexture.obj
C:\Users\Emma\Documents\GitHub\GamesProgrammingProject\Debug\cExplosion.obj
C:\Users\Emma\Documents\GitHub\GamesProgrammingProject\Debug\cSprite.obj
C:\Users\Emma\Documents\GitHub\GamesProgrammingProject\Debug\cXAudio.obj
C:\Users\Emma\Documents\GitHub\GamesProgrammingProject\Debug\main.obj
C:\Users\Emma\Documents\GitHub\GamesProgrammingProject\Debug\ProgrammingCoursework.ilk
C:\Users\Emma\Documents\GitHub\GamesProgrammingProject\Debug\cl.command.1.tlog
C:\Users\Emma\Documents\GitHub\GamesProgrammingProject\Debug\CL.read.1.tlog
C:\Users\Emma\Documents\GitHub\GamesProgrammingProject\Debug\CL.write.1.tlog
C:\Users\Emma\Documents\GitHub\GamesProgrammingProject\Debug\link-cvtres.read.1.tlog
C:\Users\Emma\Documents\GitHub\GamesProgrammingProject\Debug\link-cvtres.write.1.tlog
C:\Users\Emma\Documents\GitHub\GamesProgrammingProject\Debug\link.10212-cvtres.read.1.tlog
C:\Users\Emma\Documents\GitHub\GamesProgrammingProject\Debug\link.10212-cvtres.write.1.tlog
C:\Users\Emma\Documents\GitHub\GamesProgrammingProject\Debug\link.10212.read.1.tlog
C:\Users\Emma\Documents\GitHub\GamesProgrammingProject\Debug\link.10212.read.2.tlog
C:\Users\Emma\Documents\GitHub\GamesProgrammingProject\Debug\link.10212.write.1.tlog
C:\Users\Emma\Documents\GitHub\GamesProgrammingProject\Debug\link.2692-cvtres.read.1.tlog
C:\Users\Emma\Documents\GitHub\GamesProgrammingProject\Debug\link.2692-cvtres.write.1.tlog
C:\Users\Emma\Documents\GitHub\GamesProgrammingProject\Debug\link.2692.read.1.tlog
C:\Users\Emma\Documents\GitHub\GamesProgrammingProject\Debug\link.2692.read.2.tlog
C:\Users\Emma\Documents\GitHub\GamesProgrammingProject\Debug\link.2692.write.1.tlog
C:\Users\Emma\Documents\GitHub\GamesProgrammingProject\Debug\link.2804-cvtres.read.1.tlog
C:\Users\Emma\Documents\GitHub\GamesProgrammingProject\Debug\link.2804-cvtres.write.1.tlog
C:\Users\Emma\Documents\GitHub\GamesProgrammingProject\Debug\link.2804.read.1.tlog
C:\Users\Emma\Documents\GitHub\GamesProgrammingProject\Debug\link.2804.read.2.tlog
C:\Users\Emma\Documents\GitHub\GamesProgrammingProject\Debug\link.2804.write.1.tlog
C:\Users\Emma\Documents\GitHub\GamesProgrammingProject\Debug\link.4140-cvtres.read.1.tlog
C:\Users\Emma\Documents\GitHub\GamesProgrammingProject\Debug\link.4140-cvtres.write.1.tlog
C:\Users\Emma\Documents\GitHub\GamesProgrammingProject\Debug\link.4140.read.1.tlog
C:\Users\Emma\Documents\GitHub\GamesProgrammingProject\Debug\link.4140.read.2.tlog
C:\Users\Emma\Documents\GitHub\GamesProgrammingProject\Debug\link.4140.write.1.tlog
C:\Users\Emma\Documents\GitHub\GamesProgrammingProject\Debug\link.5148-cvtres.read.1.tlog
C:\Users\Emma\Documents\GitHub\GamesProgrammingProject\Debug\link.5148-cvtres.write.1.tlog
C:\Users\Emma\Documents\GitHub\GamesProgrammingProject\Debug\link.5148.read.1.tlog
C:\Users\Emma\Documents\GitHub\GamesProgrammingProject\Debug\link.5148.read.2.tlog
C:\Users\Emma\Documents\GitHub\GamesProgrammingProject\Debug\link.5148.write.1.tlog
C:\Users\Emma\Documents\GitHub\GamesProgrammingProject\Debug\link.5724-cvtres.read.1.tlog
C:\Users\Emma\Documents\GitHub\GamesProgrammingProject\Debug\link.5724-cvtres.write.1.tlog
C:\Users\Emma\Documents\GitHub\GamesProgrammingProject\Debug\link.5724.read.1.tlog
C:\Users\Emma\Documents\GitHub\GamesProgrammingProject\Debug\link.5724.read.2.tlog
C:\Users\Emma\Documents\GitHub\GamesProgrammingProject\Debug\link.5724.write.1.tlog
C:\Users\Emma\Documents\GitHub\GamesProgrammingProject\Debug\link.6216-cvtres.read.1.tlog
C:\Users\Emma\Documents\GitHub\GamesProgrammingProject\Debug\link.6216-cvtres.write.1.tlog
C:\Users\Emma\Documents\GitHub\GamesProgrammingProject\Debug\link.6216.read.1.tlog
C:\Users\Emma\Documents\GitHub\GamesProgrammingProject\Debug\link.6216.read.2.tlog
C:\Users\Emma\Documents\GitHub\GamesProgrammingProject\Debug\link.6216.write.1.tlog
C:\Users\Emma\Documents\GitHub\GamesProgrammingProject\Debug\link.6604-cvtres.read.1.tlog
C:\Users\Emma\Documents\GitHub\GamesProgrammingProject\Debug\link.6604-cvtres.write.1.tlog
C:\Users\Emma\Documents\GitHub\GamesProgrammingProject\Debug\link.6604.read.1.tlog
C:\Users\Emma\Documents\GitHub\GamesProgrammingProject\Debug\link.6604.read.2.tlog
C:\Users\Emma\Documents\GitHub\GamesProgrammingProject\Debug\link.6604.write.1.tlog
C:\Users\Emma\Documents\GitHub\GamesProgrammingProject\Debug\link.7236-cvtres.read.1.tlog
C:\Users\Emma\Documents\GitHub\GamesProgrammingProject\Debug\link.7236-cvtres.write.1.tlog
C:\Users\Emma\Documents\GitHub\GamesProgrammingProject\Debug\link.7236.read.1.tlog
C:\Users\Emma\Documents\GitHub\GamesProgrammingProject\Debug\link.7236.read.2.tlog
C:\Users\Emma\Documents\GitHub\GamesProgrammingProject\Debug\link.7236.write.1.tlog
C:\Users\Emma\Documents\GitHub\GamesProgrammingProject\Debug\link.8016-cvtres.read.1.tlog
C:\Users\Emma\Documents\GitHub\GamesProgrammingProject\Debug\link.8016-cvtres.write.1.tlog
C:\Users\Emma\Documents\GitHub\GamesProgrammingProject\Debug\link.8016.read.1.tlog
C:\Users\Emma\Documents\GitHub\GamesProgrammingProject\Debug\link.8016.read.2.tlog
C:\Users\Emma\Documents\GitHub\GamesProgrammingProject\Debug\link.8016.write.1.tlog
C:\Users\Emma\Documents\GitHub\GamesProgrammingProject\Debug\link.8600-cvtres.read.1.tlog
C:\Users\Emma\Documents\GitHub\GamesProgrammingProject\Debug\link.8600-cvtres.write.1.tlog
C:\Users\Emma\Documents\GitHub\GamesProgrammingProject\Debug\link.8600.read.1.tlog
C:\Users\Emma\Documents\GitHub\GamesProgrammingProject\Debug\link.8600.read.2.tlog
C:\Users\Emma\Documents\GitHub\GamesProgrammingProject\Debug\link.8600.write.1.tlog
C:\Users\Emma\Documents\GitHub\GamesProgrammingProject\Debug\link.9808-cvtres.read.1.tlog
C:\Users\Emma\Documents\GitHub\GamesProgrammingProject\Debug\link.9808-cvtres.write.1.tlog
C:\Users\Emma\Documents\GitHub\GamesProgrammingProject\Debug\link.9808.read.1.tlog
C:\Users\Emma\Documents\GitHub\GamesProgrammingProject\Debug\link.9808.read.2.tlog
C:\Users\Emma\Documents\GitHub\GamesProgrammingProject\Debug\link.9808.write.1.tlog
C:\Users\Emma\Documents\GitHub\GamesProgrammingProject\Debug\link.command.1.tlog
C:\Users\Emma\Documents\GitHub\GamesProgrammingProject\Debug\link.read.1.tlog
C:\Users\Emma\Documents\GitHub\GamesProgrammingProject\Debug\link.read.2.tlog
C:\Users\Emma\Documents\GitHub\GamesProgrammingProject\Debug\link.write.1.tlog
C:\Users\Emma\Documents\GitHub\GamesProgrammingProject\Debug\rc.command.1.tlog
C:\Users\Emma\Documents\GitHub\GamesProgrammingProject\Debug\rc.read.1.tlog
C:\Users\Emma\Documents\GitHub\GamesProgrammingProject\Debug\rc.write.1.tlog
C:\Users\Emma\Documents\GitHub\GamesProgrammingProject\Debug\GameResources.res
C:\Users\Emma\Documents\GitHub\GamesProgrammingProject\Debug\vc110.idb
C:\Users\Emma\Documents\GitHub\GamesProgrammingProject\Debug\ProgrammingCoursework.pdb
C:\Users\Emma\Documents\GitHub\GamesProgrammingProject\Debug\vc110.pdb
C:\Users\Emma\Documents\GitHub\GamesProgrammingProject\Debug\ProgrammingCoursework.exe
